<?xml version="1.0" encoding="UTF-8"?>
<testng-results ignored="0" total="3" passed="3" failed="0" skipped="0">
  <reporter-output>
  </reporter-output>
  <suite started-at="2023-04-04T18:21:19 IST" name="Default suite" finished-at="2023-04-04T18:21:32 IST" duration-ms="13051">
    <groups>
    </groups>
    <test started-at="2023-04-04T18:21:19 IST" name="Default test" finished-at="2023-04-04T18:21:32 IST" duration-ms="13051">
      <class name="com.sample.stockmanagement.SimpleService">
        <test-method is-config="true" signature="setUp()[pri:0, instance:com.sample.stockmanagement.SimpleService@1fa268de]" started-at="2023-04-04T18:21:19 IST" name="setUp" finished-at="2023-04-04T18:21:30 IST" duration-ms="10921" status="PASS">
          <reporter-output>
          </reporter-output>
        </test-method> <!-- setUp -->
        <test-method signature="testProductDetails()[pri:1, instance:com.sample.stockmanagement.SimpleService@1fa268de]" started-at="2023-04-04T18:21:30 IST" name="testProductDetails" finished-at="2023-04-04T18:21:31 IST" duration-ms="1155" status="PASS">
          <reporter-output>
          </reporter-output>
        </test-method> <!-- testProductDetails -->
        <test-method signature="display()[pri:2, instance:com.sample.stockmanagement.SimpleService@1fa268de]" started-at="2023-04-04T18:21:31 IST" name="display" finished-at="2023-04-04T18:21:31 IST" duration-ms="27" status="PASS">
          <reporter-output>
          </reporter-output>
        </test-method> <!-- display -->
        <test-method signature="searchDatabase()[pri:3, instance:com.sample.stockmanagement.SimpleService@1fa268de]" started-at="2023-04-04T18:21:31 IST" name="searchDatabase" finished-at="2023-04-04T18:21:32 IST" duration-ms="879" status="PASS">
          <reporter-output>
          </reporter-output>
        </test-method> <!-- searchDatabase -->
        <test-method is-config="true" signature="tearDown()[pri:0, instance:com.sample.stockmanagement.SimpleService@1fa268de]" started-at="2023-04-04T18:21:32 IST" name="tearDown" finished-at="2023-04-04T18:21:32 IST" duration-ms="1" status="PASS">
          <reporter-output>
          </reporter-output>
        </test-method> <!-- tearDown -->
      </class> <!-- com.sample.stockmanagement.SimpleService -->
    </test> <!-- Default test -->
  </suite> <!-- Default suite -->
</testng-results>
