<?xml version="1.0" encoding="UTF-8"?>
<!-- Generated by org.testng.reporters.JUnitXMLReporter -->
<testsuite ignored="0" hostname="DESKTOP-THGT54K" failures="0" tests="3" name="Default test" time="13.051" errors="0" timestamp="2023-04-04T18:21:32 IST">
  <testcase classname="com.sample.stockmanagement.SimpleService" name="testProductDetails" time="1.155"/>
  <testcase classname="com.sample.stockmanagement.SimpleService" name="display" time="0.027"/>
  <testcase classname="com.sample.stockmanagement.SimpleService" name="searchDatabase" time="0.879"/>
</testsuite> <!-- Default test -->
